# JRE version: Java(TM) SE Runtime Environment (8.0_05-b13) (build 1.8.0_05-b13)
# Java VM: Java HotSpot(TM) 64-Bit Server VM (25.5-b02 mixed mode bsd-amd64 compressed oops)
Heap:
 PSYoungGen      total 124416K, used 46064K [0x000000076ab00000, 0x0000000772e00000, 0x00000007c0000000)
  eden space 123392K, 36% used [0x000000076ab00000,0x000000076d6fc2f0,0x0000000772380000)
  from space 1024K, 100% used [0x0000000772580000,0x0000000772680000,0x0000000772680000)
  to   space 2048K, 0% used [0x0000000772380000,0x0000000772380000,0x0000000772580000)
 ParOldGen       total 260608K, used 42491K [0x00000006c0000000, 0x00000006cfe80000, 0x000000076ab00000)
  object space 260608K, 16% used [0x00000006c0000000,0x00000006c297ec10,0x00000006cfe80000)
 Metaspace       used 4765K, capacity 5056K, committed 5248K, reserved 1056768K
  class space    used 538K, capacity 560K, committed 640K, reserved 1048576K
GC Heap History (10 events):
Event: 11.753 GC heap before
{Heap before GC invocations=148 (full 0):
 PSYoungGen      total 87040K, used 86912K [0x000000076ab00000, 0x0000000772300000, 0x00000007c0000000)
  eden space 86016K, 100% used [0x000000076ab00000,0x000000076ff00000,0x000000076ff00000)
  from space 1024K, 87% used [0x0000000772080000,0x0000000772160000,0x0000000772180000)
  to   space 1536K, 0% used [0x0000000772180000,0x0000000772180000,0x0000000772300000)
 ParOldGen       total 260608K, used 38019K [0x00000006c0000000, 0x00000006cfe80000, 0x000000076ab00000)
  object space 260608K, 14% used [0x00000006c0000000,0x00000006c2520c10,0x00000006cfe80000)
 Metaspace       used 3331K, capacity 4856K, committed 5120K, reserved 1056768K
  class space    used 352K, capacity 424K, committed 512K, reserved 1048576K
Event: 11.754 GC heap after
Heap after GC invocations=148 (full 0):
 PSYoungGen      total 104448K, used 896K [0x000000076ab00000, 0x0000000772280000, 0x00000007c0000000)
  eden space 103424K, 0% used [0x000000076ab00000,0x000000076ab00000,0x0000000771000000)
  from space 1024K, 87% used [0x0000000772180000,0x0000000772260000,0x0000000772280000)
  to   space 1536K, 0% used [0x0000000771f80000,0x0000000771f80000,0x0000000772100000)
 ParOldGen       total 260608K, used 38819K [0x00000006c0000000, 0x00000006cfe80000, 0x000000076ab00000)
  object space 260608K, 14% used [0x00000006c0000000,0x00000006c25e8c10,0x00000006cfe80000)
 Metaspace       used 3331K, capacity 4856K, committed 5120K, reserved 1056768K
  class space    used 352K, capacity 424K, committed 512K, reserved 1048576K
}
Event: 11.893 GC heap before
{Heap before GC invocations=149 (full 0):
 PSYoungGen      total 104448K, used 104320K [0x000000076ab00000, 0x0000000772280000, 0x00000007c0000000)
  eden space 103424K, 100% used [0x000000076ab00000,0x0000000771000000,0x0000000771000000)
  from space 1024K, 87% used [0x0000000772180000,0x0000000772260000,0x0000000772280000)
  to   space 1536K, 0% used [0x0000000771f80000,0x0000000771f80000,0x0000000772100000)
 ParOldGen       total 260608K, used 38819K [0x00000006c0000000, 0x00000006cfe80000, 0x000000076ab00000)
  object space 260608K, 14% used [0x00000006c0000000,0x00000006c25e8c10,0x00000006cfe80000)
 Metaspace       used 3331K, capacity 4856K, committed 5120K, reserved 1056768K
  class space    used 352K, capacity 424K, committed 512K, reserved 1048576K
Event: 11.895 GC heap after
Heap after GC invocations=149 (full 0):
 PSYoungGen      total 120832K, used 960K [0x000000076ab00000, 0x0000000772780000, 0x00000007c0000000)
  eden space 119296K, 0% used [0x000000076ab00000,0x000000076ab00000,0x0000000771f80000)
  from space 1536K, 62% used [0x0000000771f80000,0x0000000772070000,0x0000000772100000)
  to   space 1536K, 0% used [0x0000000772600000,0x0000000772600000,0x0000000772780000)
 ParOldGen       total 260608K, used 39571K [0x00000006c0000000, 0x00000006cfe80000, 0x000000076ab00000)
  object space 260608K, 15% used [0x00000006c0000000,0x00000006c26a4c10,0x00000006cfe80000)
 Metaspace       used 3331K, capacity 4856K, committed 5120K, reserved 1056768K
  class space    used 352K, capacity 424K, committed 512K, reserved 1048576K
}
Event: 12.072 GC heap before
{Heap before GC invocations=150 (full 0):
 PSYoungGen      total 120832K, used 120256K [0x000000076ab00000, 0x0000000772780000, 0x00000007c0000000)
  eden space 119296K, 100% used [0x000000076ab00000,0x0000000771f80000,0x0000000771f80000)
  from space 1536K, 62% used [0x0000000771f80000,0x0000000772070000,0x0000000772100000)
  to   space 1536K, 0% used [0x0000000772600000,0x0000000772600000,0x0000000772780000)
 ParOldGen       total 260608K, used 39571K [0x00000006c0000000, 0x00000006cfe80000, 0x000000076ab00000)
  object space 260608K, 15% used [0x00000006c0000000,0x00000006c26a4c10,0x00000006cfe80000)
 Metaspace       used 3331K, capacity 4856K, committed 5120K, reserved 1056768K
  class space    used 352K, capacity 424K, committed 512K, reserved 1048576K
Event: 12.073 GC heap after
Heap after GC invocations=150 (full 0):
 PSYoungGen      total 115200K, used 1152K [0x000000076ab00000, 0x0000000772780000, 0x00000007c0000000)
  eden space 113664K, 0% used [0x000000076ab00000,0x000000076ab00000,0x0000000771a00000)
  from space 1536K, 75% used [0x0000000772600000,0x0000000772720000,0x0000000772780000)
  to   space 1536K, 0% used [0x0000000772480000,0x0000000772480000,0x0000000772600000)
 ParOldGen       total 260608K, used 40459K [0x00000006c0000000, 0x00000006cfe80000, 0x000000076ab00000)
  object space 260608K, 15% used [0x00000006c0000000,0x00000006c2782c10,0x00000006cfe80000)
 Metaspace       used 3331K, capacity 4856K, committed 5120K, reserved 1056768K
  class space    used 352K, capacity 424K, committed 512K, reserved 1048576K
}
Event: 12.234 GC heap before
{Heap before GC invocations=151 (full 0):
 PSYoungGen      total 115200K, used 114816K [0x000000076ab00000, 0x0000000772780000, 0x00000007c0000000)
  eden space 113664K, 100% used [0x000000076ab00000,0x0000000771a00000,0x0000000771a00000)
  from space 1536K, 75% used [0x0000000772600000,0x0000000772720000,0x0000000772780000)
  to   space 1536K, 0% used [0x0000000772480000,0x0000000772480000,0x0000000772600000)
 ParOldGen       total 260608K, used 40459K [0x00000006c0000000, 0x00000006cfe80000, 0x000000076ab00000)
  object space 260608K, 15% used [0x00000006c0000000,0x00000006c2782c10,0x00000006cfe80000)
 Metaspace       used 3331K, capacity 4856K, committed 5120K, reserved 1056768K
  class space    used 352K, capacity 424K, committed 512K, reserved 1048576K
Event: 12.235 GC heap after
Heap after GC invocations=151 (full 0):
 PSYoungGen      total 109056K, used 1024K [0x000000076ab00000, 0x0000000772680000, 0x00000007c0000000)
  eden space 108032K, 0% used [0x000000076ab00000,0x000000076ab00000,0x0000000771480000)
  from space 1024K, 100% used [0x0000000772480000,0x0000000772580000,0x0000000772580000)
  to   space 1024K, 0% used [0x0000000772580000,0x0000000772580000,0x0000000772680000)
 ParOldGen       total 260608K, used 41491K [0x00000006c0000000, 0x00000006cfe80000, 0x000000076ab00000)
  object space 260608K, 15% used [0x00000006c0000000,0x00000006c2884c10,0x00000006cfe80000)
 Metaspace       used 3331K, capacity 4856K, committed 5120K, reserved 1056768K
  class space    used 352K, capacity 424K, committed 512K, reserved 1048576K
}
Event: 12.388 GC heap before
{Heap before GC invocations=152 (full 0):
 PSYoungGen      total 109056K, used 109056K [0x000000076ab00000, 0x0000000772680000, 0x00000007c0000000)
  eden space 108032K, 100% used [0x000000076ab00000,0x0000000771480000,0x0000000771480000)
  from space 1024K, 100% used [0x0000000772480000,0x0000000772580000,0x0000000772580000)
  to   space 1024K, 0% used [0x0000000772580000,0x0000000772580000,0x0000000772680000)
 ParOldGen       total 260608K, used 41491K [0x00000006c0000000, 0x00000006cfe80000, 0x000000076ab00000)
  object space 260608K, 15% used [0x00000006c0000000,0x00000006c2884c10,0x00000006cfe80000)
 Metaspace       used 3331K, capacity 4856K, committed 5120K, reserved 1056768K
  class space    used 352K, capacity 424K, committed 512K, reserved 1048576K
Event: 12.390 GC heap after
Heap after GC invocations=152 (full 0):
 PSYoungGen      total 124416K, used 1024K [0x000000076ab00000, 0x0000000772e00000, 0x00000007c0000000)
  eden space 123392K, 0% used [0x000000076ab00000,0x000000076ab00000,0x0000000772380000)
  from space 1024K, 100% used [0x0000000772580000,0x0000000772680000,0x0000000772680000)
  to   space 2048K, 0% used [0x0000000772380000,0x0000000772380000,0x0000000772580000)
 ParOldGen       total 260608K, used 42491K [0x00000006c0000000, 0x00000006cfe80000, 0x000000076ab00000)
  object space 260608K, 16% used [0x00000006c0000000,0x00000006c297ec10,0x00000006cfe80000)
 Metaspace       used 3331K, capacity 4856K, committed 5120K, reserved 1056768K
  class space    used 352K, capacity 424K, committed 512K, reserved 1048576K
}

